[01m[K/home/mzx/Desktop/yuanshi/quadruped_robot_2023/src/hardware_ctrl/src/stm32_communication.cpp:[m[K In function â€˜[01m[Kint main(int, char**)[m[Kâ€™:
[01m[K/home/mzx/Desktop/yuanshi/quadruped_robot_2023/src/hardware_ctrl/src/stm32_communication.cpp:74:9:[m[K [01;31m[Kerror: [m[Kâ€˜[01m[Ktest_crc_8[m[Kâ€™ was not declared in this scope
   74 |         [01;31m[Ktest_crc_8[m[K();
      |         [01;31m[K^~~~~~~~~~[m[K
make[2]: *** [CMakeFiles/STM32_Node.dir/build.make:63: CMakeFiles/STM32_Node.dir/src/stm32_communication.cpp.o] Error 1
make[2]: *** Waiting for unfinished jobs....
make[1]: *** [CMakeFiles/Makefile2:176: CMakeFiles/STM32_Node.dir/all] Error 2
make: *** [Makefile:141: all] Error 2
